[main] INFO  o.o.codegen.DefaultGenerator - OpenAPI Generator: java (client)
[main] INFO  o.o.codegen.DefaultGenerator - Generator 'java' is considered stable.
[main] INFO  o.o.c.languages.AbstractJavaCodegen - Processing operation Connection.show
[main] INFO  o.o.c.languages.AbstractJavaCodegen - Processing operation Connection.delete
[main] INFO  o.o.c.languages.AbstractJavaCodegen - Processing operation Room.join
[main] INFO  o.o.c.languages.AbstractJavaCodegen - Processing operation Presence.show
[main] INFO  o.o.c.languages.AbstractJavaCodegen - Processing operation Presence.update
[main] INFO  o.o.c.languages.AbstractJavaCodegen - Processing operation Conversation.show
[main] INFO  o.o.c.languages.AbstractJavaCodegen - Processing operation Conversation.delete
[main] INFO  o.o.c.languages.AbstractJavaCodegen - Processing operation Message.received_receipt
[main] INFO  o.o.c.languages.AbstractJavaCodegen - Processing operation Message.read_receipt
[main] INFO  o.o.c.languages.AbstractJavaCodegen - Processing operation Message.index
[main] INFO  o.o.c.languages.AbstractJavaCodegen - Processing operation Message.create
[main] INFO  o.o.c.languages.AbstractJavaCodegen - Processing operation Message.delete_all
[main] INFO  o.o.c.languages.AbstractJavaCodegen - Processing operation Conversation.chatstate
[main] INFO  o.o.c.languages.AbstractJavaCodegen - Processing operation Conversation.index
[main] INFO  o.o.c.languages.AbstractJavaCodegen - Processing operation Conversation.create
[main] INFO  o.o.c.languages.AbstractJavaCodegen - Processing operation Connection.index
[main] INFO  o.o.c.languages.AbstractJavaCodegen - Processing operation Connection.create
[main] WARN  o.o.codegen.utils.URLPathUtils - 'scheme' not defined in the spec (2.0). Default to [http] for server URL [http://openrainbow.com:443]
[main] WARN  o.o.codegen.utils.URLPathUtils - 'scheme' not defined in the spec (2.0). Default to [http] for server URL [http://openrainbow.com:443]
[main] INFO  o.o.codegen.DefaultGenerator - Model Messages not generated since it's an alias to array (without property) and `generateAliasAsModel` is set to false (default)
[main] INFO  o.o.codegen.AbstractGenerator - writing file /home/jouedje/Alcatel-Lucent/S2Sdeveloppements/Rainbow-S2S-Samples/Rainbow-S2S-Sample-JavaEchoBot/scripts/../generated/s2s/src/main/java/com/ale/rainbow/s2s/client/s2s/models/ApiRainbowUcsV10ConnectionsAllDeleted.java
[main] INFO  o.o.codegen.AbstractGenerator - writing file /home/jouedje/Alcatel-Lucent/S2Sdeveloppements/Rainbow-S2S-Samples/Rainbow-S2S-Sample-JavaEchoBot/scripts/../generated/s2s/src/test/java/com/ale/rainbow/s2s/client/s2s/models/ApiRainbowUcsV10ConnectionsAllDeletedTest.java
[main] INFO  o.o.codegen.AbstractGenerator - writing file /home/jouedje/Alcatel-Lucent/S2Sdeveloppements/Rainbow-S2S-Samples/Rainbow-S2S-Sample-JavaEchoBot/scripts/../generated/s2s/docs/ApiRainbowUcsV10ConnectionsAllDeleted.md
[main] INFO  o.o.codegen.AbstractGenerator - writing file /home/jouedje/Alcatel-Lucent/S2Sdeveloppements/Rainbow-S2S-Samples/Rainbow-S2S-Sample-JavaEchoBot/scripts/../generated/s2s/src/main/java/com/ale/rainbow/s2s/client/s2s/models/ApiRainbowUcsV10ConnectionsAllReceipt.java
[main] INFO  o.o.codegen.AbstractGenerator - writing file /home/jouedje/Alcatel-Lucent/S2Sdeveloppements/Rainbow-S2S-Samples/Rainbow-S2S-Sample-JavaEchoBot/scripts/../generated/s2s/src/test/java/com/ale/rainbow/s2s/client/s2s/models/ApiRainbowUcsV10ConnectionsAllReceiptTest.java
[main] INFO  o.o.codegen.AbstractGenerator - writing file /home/jouedje/Alcatel-Lucent/S2Sdeveloppements/Rainbow-S2S-Samples/Rainbow-S2S-Sample-JavaEchoBot/scripts/../generated/s2s/docs/ApiRainbowUcsV10ConnectionsAllReceipt.md
[main] INFO  o.o.codegen.AbstractGenerator - writing file /home/jouedje/Alcatel-Lucent/S2Sdeveloppements/Rainbow-S2S-Samples/Rainbow-S2S-Sample-JavaEchoBot/scripts/../generated/s2s/src/main/java/com/ale/rainbow/s2s/client/s2s/models/ApiRainbowUcsV10ConnectionsChatstate.java
[main] INFO  o.o.codegen.AbstractGenerator - writing file /home/jouedje/Alcatel-Lucent/S2Sdeveloppements/Rainbow-S2S-Samples/Rainbow-S2S-Sample-JavaEchoBot/scripts/../generated/s2s/src/test/java/com/ale/rainbow/s2s/client/s2s/models/ApiRainbowUcsV10ConnectionsChatstateTest.java
[main] INFO  o.o.codegen.AbstractGenerator - writing file /home/jouedje/Alcatel-Lucent/S2Sdeveloppements/Rainbow-S2S-Samples/Rainbow-S2S-Sample-JavaEchoBot/scripts/../generated/s2s/docs/ApiRainbowUcsV10ConnectionsChatstate.md
[main] INFO  o.o.codegen.AbstractGenerator - writing file /home/jouedje/Alcatel-Lucent/S2Sdeveloppements/Rainbow-S2S-Samples/Rainbow-S2S-Sample-JavaEchoBot/scripts/../generated/s2s/src/main/java/com/ale/rainbow/s2s/client/s2s/models/ApiRainbowUcsV10ConnectionsConnection.java
[main] INFO  o.o.codegen.AbstractGenerator - writing file /home/jouedje/Alcatel-Lucent/S2Sdeveloppements/Rainbow-S2S-Samples/Rainbow-S2S-Sample-JavaEchoBot/scripts/../generated/s2s/src/test/java/com/ale/rainbow/s2s/client/s2s/models/ApiRainbowUcsV10ConnectionsConnectionTest.java
[main] INFO  o.o.codegen.AbstractGenerator - writing file /home/jouedje/Alcatel-Lucent/S2Sdeveloppements/Rainbow-S2S-Samples/Rainbow-S2S-Sample-JavaEchoBot/scripts/../generated/s2s/docs/ApiRainbowUcsV10ConnectionsConnection.md
[main] INFO  o.o.codegen.AbstractGenerator - writing file /home/jouedje/Alcatel-Lucent/S2Sdeveloppements/Rainbow-S2S-Samples/Rainbow-S2S-Sample-JavaEchoBot/scripts/../generated/s2s/src/main/java/com/ale/rainbow/s2s/client/s2s/models/ApiRainbowUcsV10ConnectionsConversation.java
[main] INFO  o.o.codegen.AbstractGenerator - writing file /home/jouedje/Alcatel-Lucent/S2Sdeveloppements/Rainbow-S2S-Samples/Rainbow-S2S-Sample-JavaEchoBot/scripts/../generated/s2s/src/test/java/com/ale/rainbow/s2s/client/s2s/models/ApiRainbowUcsV10ConnectionsConversationTest.java
[main] INFO  o.o.codegen.AbstractGenerator - writing file /home/jouedje/Alcatel-Lucent/S2Sdeveloppements/Rainbow-S2S-Samples/Rainbow-S2S-Sample-JavaEchoBot/scripts/../generated/s2s/docs/ApiRainbowUcsV10ConnectionsConversation.md
[main] INFO  o.o.codegen.AbstractGenerator - writing file /home/jouedje/Alcatel-Lucent/S2Sdeveloppements/Rainbow-S2S-Samples/Rainbow-S2S-Sample-JavaEchoBot/scripts/../generated/s2s/src/main/java/com/ale/rainbow/s2s/client/s2s/models/ApiRainbowUcsV10ConnectionsError.java
[main] INFO  o.o.codegen.AbstractGenerator - writing file /home/jouedje/Alcatel-Lucent/S2Sdeveloppements/Rainbow-S2S-Samples/Rainbow-S2S-Sample-JavaEchoBot/scripts/../generated/s2s/src/test/java/com/ale/rainbow/s2s/client/s2s/models/ApiRainbowUcsV10ConnectionsErrorTest.java
[main] INFO  o.o.codegen.AbstractGenerator - writing file /home/jouedje/Alcatel-Lucent/S2Sdeveloppements/Rainbow-S2S-Samples/Rainbow-S2S-Sample-JavaEchoBot/scripts/../generated/s2s/docs/ApiRainbowUcsV10ConnectionsError.md
[main] INFO  o.o.codegen.AbstractGenerator - writing file /home/jouedje/Alcatel-Lucent/S2Sdeveloppements/Rainbow-S2S-Samples/Rainbow-S2S-Sample-JavaEchoBot/scripts/../generated/s2s/src/main/java/com/ale/rainbow/s2s/client/s2s/models/ApiRainbowUcsV10ConnectionsMessage.java
[main] INFO  o.o.codegen.AbstractGenerator - writing file /home/jouedje/Alcatel-Lucent/S2Sdeveloppements/Rainbow-S2S-Samples/Rainbow-S2S-Sample-JavaEchoBot/scripts/../generated/s2s/src/test/java/com/ale/rainbow/s2s/client/s2s/models/ApiRainbowUcsV10ConnectionsMessageTest.java
[main] INFO  o.o.codegen.AbstractGenerator - writing file /home/jouedje/Alcatel-Lucent/S2Sdeveloppements/Rainbow-S2S-Samples/Rainbow-S2S-Sample-JavaEchoBot/scripts/../generated/s2s/docs/ApiRainbowUcsV10ConnectionsMessage.md
[main] INFO  o.o.codegen.AbstractGenerator - writing file /home/jouedje/Alcatel-Lucent/S2Sdeveloppements/Rainbow-S2S-Samples/Rainbow-S2S-Sample-JavaEchoBot/scripts/../generated/s2s/src/main/java/com/ale/rainbow/s2s/client/s2s/models/ApiRainbowUcsV10ConnectionsMessageAttachment.java
[main] INFO  o.o.codegen.AbstractGenerator - writing file /home/jouedje/Alcatel-Lucent/S2Sdeveloppements/Rainbow-S2S-Samples/Rainbow-S2S-Sample-JavaEchoBot/scripts/../generated/s2s/src/test/java/com/ale/rainbow/s2s/client/s2s/models/ApiRainbowUcsV10ConnectionsMessageAttachmentTest.java
[main] INFO  o.o.codegen.AbstractGenerator - writing file /home/jouedje/Alcatel-Lucent/S2Sdeveloppements/Rainbow-S2S-Samples/Rainbow-S2S-Sample-JavaEchoBot/scripts/../generated/s2s/docs/ApiRainbowUcsV10ConnectionsMessageAttachment.md
[main] INFO  o.o.codegen.AbstractGenerator - writing file /home/jouedje/Alcatel-Lucent/S2Sdeveloppements/Rainbow-S2S-Samples/Rainbow-S2S-Sample-JavaEchoBot/scripts/../generated/s2s/src/main/java/com/ale/rainbow/s2s/client/s2s/models/ApiRainbowUcsV10ConnectionsPresence.java
[main] INFO  o.o.codegen.AbstractGenerator - writing file /home/jouedje/Alcatel-Lucent/S2Sdeveloppements/Rainbow-S2S-Samples/Rainbow-S2S-Sample-JavaEchoBot/scripts/../generated/s2s/src/test/java/com/ale/rainbow/s2s/client/s2s/models/ApiRainbowUcsV10ConnectionsPresenceTest.java
[main] INFO  o.o.codegen.AbstractGenerator - writing file /home/jouedje/Alcatel-Lucent/S2Sdeveloppements/Rainbow-S2S-Samples/Rainbow-S2S-Sample-JavaEchoBot/scripts/../generated/s2s/docs/ApiRainbowUcsV10ConnectionsPresence.md
[main] INFO  o.o.codegen.AbstractGenerator - writing file /home/jouedje/Alcatel-Lucent/S2Sdeveloppements/Rainbow-S2S-Samples/Rainbow-S2S-Sample-JavaEchoBot/scripts/../generated/s2s/src/main/java/com/ale/rainbow/s2s/client/s2s/models/ApiRainbowUcsV10ConnectionsReceipt.java
[main] INFO  o.o.codegen.AbstractGenerator - writing file /home/jouedje/Alcatel-Lucent/S2Sdeveloppements/Rainbow-S2S-Samples/Rainbow-S2S-Sample-JavaEchoBot/scripts/../generated/s2s/src/test/java/com/ale/rainbow/s2s/client/s2s/models/ApiRainbowUcsV10ConnectionsReceiptTest.java
[main] INFO  o.o.codegen.AbstractGenerator - writing file /home/jouedje/Alcatel-Lucent/S2Sdeveloppements/Rainbow-S2S-Samples/Rainbow-S2S-Sample-JavaEchoBot/scripts/../generated/s2s/docs/ApiRainbowUcsV10ConnectionsReceipt.md
[main] INFO  o.o.codegen.AbstractGenerator - writing file /home/jouedje/Alcatel-Lucent/S2Sdeveloppements/Rainbow-S2S-Samples/Rainbow-S2S-Sample-JavaEchoBot/scripts/../generated/s2s/src/main/java/com/ale/rainbow/s2s/client/s2s/models/ApiRainbowUcsV10ConnectionsRoomInvite.java
[main] INFO  o.o.codegen.AbstractGenerator - writing file /home/jouedje/Alcatel-Lucent/S2Sdeveloppements/Rainbow-S2S-Samples/Rainbow-S2S-Sample-JavaEchoBot/scripts/../generated/s2s/src/test/java/com/ale/rainbow/s2s/client/s2s/models/ApiRainbowUcsV10ConnectionsRoomInviteTest.java
[main] INFO  o.o.codegen.AbstractGenerator - writing file /home/jouedje/Alcatel-Lucent/S2Sdeveloppements/Rainbow-S2S-Samples/Rainbow-S2S-Sample-JavaEchoBot/scripts/../generated/s2s/docs/ApiRainbowUcsV10ConnectionsRoomInvite.md
[main] INFO  o.o.codegen.AbstractGenerator - writing file /home/jouedje/Alcatel-Lucent/S2Sdeveloppements/Rainbow-S2S-Samples/Rainbow-S2S-Sample-JavaEchoBot/scripts/../generated/s2s/src/main/java/com/ale/rainbow/s2s/client/s2s/models/ApiRainbowUcsV10ConnectionsRoomMember.java
[main] INFO  o.o.codegen.AbstractGenerator - writing file /home/jouedje/Alcatel-Lucent/S2Sdeveloppements/Rainbow-S2S-Samples/Rainbow-S2S-Sample-JavaEchoBot/scripts/../generated/s2s/src/test/java/com/ale/rainbow/s2s/client/s2s/models/ApiRainbowUcsV10ConnectionsRoomMemberTest.java
[main] INFO  o.o.codegen.AbstractGenerator - writing file /home/jouedje/Alcatel-Lucent/S2Sdeveloppements/Rainbow-S2S-Samples/Rainbow-S2S-Sample-JavaEchoBot/scripts/../generated/s2s/docs/ApiRainbowUcsV10ConnectionsRoomMember.md
[main] INFO  o.o.codegen.AbstractGenerator - writing file /home/jouedje/Alcatel-Lucent/S2Sdeveloppements/Rainbow-S2S-Samples/Rainbow-S2S-Sample-JavaEchoBot/scripts/../generated/s2s/src/main/java/com/ale/rainbow/s2s/client/s2s/models/ApiRainbowUcsV10ConnectionsRoomState.java
[main] INFO  o.o.codegen.AbstractGenerator - writing file /home/jouedje/Alcatel-Lucent/S2Sdeveloppements/Rainbow-S2S-Samples/Rainbow-S2S-Sample-JavaEchoBot/scripts/../generated/s2s/src/test/java/com/ale/rainbow/s2s/client/s2s/models/ApiRainbowUcsV10ConnectionsRoomStateTest.java
[main] INFO  o.o.codegen.AbstractGenerator - writing file /home/jouedje/Alcatel-Lucent/S2Sdeveloppements/Rainbow-S2S-Samples/Rainbow-S2S-Sample-JavaEchoBot/scripts/../generated/s2s/docs/ApiRainbowUcsV10ConnectionsRoomState.md
[main] INFO  o.o.codegen.AbstractGenerator - writing file /home/jouedje/Alcatel-Lucent/S2Sdeveloppements/Rainbow-S2S-Samples/Rainbow-S2S-Sample-JavaEchoBot/scripts/../generated/s2s/src/main/java/com/ale/rainbow/s2s/client/s2s/models/Attachment.java
[main] INFO  o.o.codegen.AbstractGenerator - writing file /home/jouedje/Alcatel-Lucent/S2Sdeveloppements/Rainbow-S2S-Samples/Rainbow-S2S-Sample-JavaEchoBot/scripts/../generated/s2s/src/test/java/com/ale/rainbow/s2s/client/s2s/models/AttachmentTest.java
[main] INFO  o.o.codegen.AbstractGenerator - writing file /home/jouedje/Alcatel-Lucent/S2Sdeveloppements/Rainbow-S2S-Samples/Rainbow-S2S-Sample-JavaEchoBot/scripts/../generated/s2s/docs/Attachment.md
[main] INFO  o.o.codegen.AbstractGenerator - writing file /home/jouedje/Alcatel-Lucent/S2Sdeveloppements/Rainbow-S2S-Samples/Rainbow-S2S-Sample-JavaEchoBot/scripts/../generated/s2s/src/main/java/com/ale/rainbow/s2s/client/s2s/models/Connection.java
[main] INFO  o.o.codegen.AbstractGenerator - writing file /home/jouedje/Alcatel-Lucent/S2Sdeveloppements/Rainbow-S2S-Samples/Rainbow-S2S-Sample-JavaEchoBot/scripts/../generated/s2s/src/test/java/com/ale/rainbow/s2s/client/s2s/models/ConnectionTest.java
[main] INFO  o.o.codegen.AbstractGenerator - writing file /home/jouedje/Alcatel-Lucent/S2Sdeveloppements/Rainbow-S2S-Samples/Rainbow-S2S-Sample-JavaEchoBot/scripts/../generated/s2s/docs/Connection.md
[main] INFO  o.o.codegen.AbstractGenerator - writing file /home/jouedje/Alcatel-Lucent/S2Sdeveloppements/Rainbow-S2S-Samples/Rainbow-S2S-Sample-JavaEchoBot/scripts/../generated/s2s/src/main/java/com/ale/rainbow/s2s/client/s2s/models/ConnectionCreate.java
[main] INFO  o.o.codegen.AbstractGenerator - writing file /home/jouedje/Alcatel-Lucent/S2Sdeveloppements/Rainbow-S2S-Samples/Rainbow-S2S-Sample-JavaEchoBot/scripts/../generated/s2s/src/test/java/com/ale/rainbow/s2s/client/s2s/models/ConnectionCreateTest.java
[main] INFO  o.o.codegen.AbstractGenerator - writing file /home/jouedje/Alcatel-Lucent/S2Sdeveloppements/Rainbow-S2S-Samples/Rainbow-S2S-Sample-JavaEchoBot/scripts/../generated/s2s/docs/ConnectionCreate.md
[main] INFO  o.o.codegen.AbstractGenerator - writing file /home/jouedje/Alcatel-Lucent/S2Sdeveloppements/Rainbow-S2S-Samples/Rainbow-S2S-Sample-JavaEchoBot/scripts/../generated/s2s/src/main/java/com/ale/rainbow/s2s/client/s2s/models/ConnectionCreateConnection.java
[main] INFO  o.o.codegen.AbstractGenerator - writing file /home/jouedje/Alcatel-Lucent/S2Sdeveloppements/Rainbow-S2S-Samples/Rainbow-S2S-Sample-JavaEchoBot/scripts/../generated/s2s/src/test/java/com/ale/rainbow/s2s/client/s2s/models/ConnectionCreateConnectionTest.java
[main] INFO  o.o.codegen.AbstractGenerator - writing file /home/jouedje/Alcatel-Lucent/S2Sdeveloppements/Rainbow-S2S-Samples/Rainbow-S2S-Sample-JavaEchoBot/scripts/../generated/s2s/docs/ConnectionCreateConnection.md
[main] INFO  o.o.codegen.AbstractGenerator - writing file /home/jouedje/Alcatel-Lucent/S2Sdeveloppements/Rainbow-S2S-Samples/Rainbow-S2S-Sample-JavaEchoBot/scripts/../generated/s2s/src/main/java/com/ale/rainbow/s2s/client/s2s/models/ConnectionCreateResponse.java
[main] INFO  o.o.codegen.AbstractGenerator - writing file /home/jouedje/Alcatel-Lucent/S2Sdeveloppements/Rainbow-S2S-Samples/Rainbow-S2S-Sample-JavaEchoBot/scripts/../generated/s2s/src/test/java/com/ale/rainbow/s2s/client/s2s/models/ConnectionCreateResponseTest.java
[main] INFO  o.o.codegen.AbstractGenerator - writing file /home/jouedje/Alcatel-Lucent/S2Sdeveloppements/Rainbow-S2S-Samples/Rainbow-S2S-Sample-JavaEchoBot/scripts/../generated/s2s/docs/ConnectionCreateResponse.md
[main] INFO  o.o.codegen.AbstractGenerator - writing file /home/jouedje/Alcatel-Lucent/S2Sdeveloppements/Rainbow-S2S-Samples/Rainbow-S2S-Sample-JavaEchoBot/scripts/../generated/s2s/src/main/java/com/ale/rainbow/s2s/client/s2s/models/Connections.java
[main] INFO  o.o.codegen.AbstractGenerator - writing file /home/jouedje/Alcatel-Lucent/S2Sdeveloppements/Rainbow-S2S-Samples/Rainbow-S2S-Sample-JavaEchoBot/scripts/../generated/s2s/src/test/java/com/ale/rainbow/s2s/client/s2s/models/ConnectionsTest.java
[main] INFO  o.o.codegen.AbstractGenerator - writing file /home/jouedje/Alcatel-Lucent/S2Sdeveloppements/Rainbow-S2S-Samples/Rainbow-S2S-Sample-JavaEchoBot/scripts/../generated/s2s/docs/Connections.md
[main] INFO  o.o.codegen.AbstractGenerator - writing file /home/jouedje/Alcatel-Lucent/S2Sdeveloppements/Rainbow-S2S-Samples/Rainbow-S2S-Sample-JavaEchoBot/scripts/../generated/s2s/src/main/java/com/ale/rainbow/s2s/client/s2s/models/Content.java
[main] INFO  o.o.codegen.AbstractGenerator - writing file /home/jouedje/Alcatel-Lucent/S2Sdeveloppements/Rainbow-S2S-Samples/Rainbow-S2S-Sample-JavaEchoBot/scripts/../generated/s2s/src/test/java/com/ale/rainbow/s2s/client/s2s/models/ContentTest.java
[main] INFO  o.o.codegen.AbstractGenerator - writing file /home/jouedje/Alcatel-Lucent/S2Sdeveloppements/Rainbow-S2S-Samples/Rainbow-S2S-Sample-JavaEchoBot/scripts/../generated/s2s/docs/Content.md
[main] INFO  o.o.codegen.AbstractGenerator - writing file /home/jouedje/Alcatel-Lucent/S2Sdeveloppements/Rainbow-S2S-Samples/Rainbow-S2S-Sample-JavaEchoBot/scripts/../generated/s2s/src/main/java/com/ale/rainbow/s2s/client/s2s/models/Conversation.java
[main] INFO  o.o.codegen.AbstractGenerator - writing file /home/jouedje/Alcatel-Lucent/S2Sdeveloppements/Rainbow-S2S-Samples/Rainbow-S2S-Sample-JavaEchoBot/scripts/../generated/s2s/src/test/java/com/ale/rainbow/s2s/client/s2s/models/ConversationTest.java
[main] INFO  o.o.codegen.AbstractGenerator - writing file /home/jouedje/Alcatel-Lucent/S2Sdeveloppements/Rainbow-S2S-Samples/Rainbow-S2S-Sample-JavaEchoBot/scripts/../generated/s2s/docs/Conversation.md
[main] INFO  o.o.codegen.AbstractGenerator - writing file /home/jouedje/Alcatel-Lucent/S2Sdeveloppements/Rainbow-S2S-Samples/Rainbow-S2S-Sample-JavaEchoBot/scripts/../generated/s2s/src/main/java/com/ale/rainbow/s2s/client/s2s/models/ConversationCreate.java
[main] INFO  o.o.codegen.AbstractGenerator - writing file /home/jouedje/Alcatel-Lucent/S2Sdeveloppements/Rainbow-S2S-Samples/Rainbow-S2S-Sample-JavaEchoBot/scripts/../generated/s2s/src/test/java/com/ale/rainbow/s2s/client/s2s/models/ConversationCreateTest.java
[main] INFO  o.o.codegen.AbstractGenerator - writing file /home/jouedje/Alcatel-Lucent/S2Sdeveloppements/Rainbow-S2S-Samples/Rainbow-S2S-Sample-JavaEchoBot/scripts/../generated/s2s/docs/ConversationCreate.md
[main] INFO  o.o.codegen.AbstractGenerator - writing file /home/jouedje/Alcatel-Lucent/S2Sdeveloppements/Rainbow-S2S-Samples/Rainbow-S2S-Sample-JavaEchoBot/scripts/../generated/s2s/src/main/java/com/ale/rainbow/s2s/client/s2s/models/ConversationCreateConversation.java
[main] INFO  o.o.codegen.AbstractGenerator - writing file /home/jouedje/Alcatel-Lucent/S2Sdeveloppements/Rainbow-S2S-Samples/Rainbow-S2S-Sample-JavaEchoBot/scripts/../generated/s2s/src/test/java/com/ale/rainbow/s2s/client/s2s/models/ConversationCreateConversationTest.java
[main] INFO  o.o.codegen.AbstractGenerator - writing file /home/jouedje/Alcatel-Lucent/S2Sdeveloppements/Rainbow-S2S-Samples/Rainbow-S2S-Sample-JavaEchoBot/scripts/../generated/s2s/docs/ConversationCreateConversation.md
[main] INFO  o.o.codegen.AbstractGenerator - writing file /home/jouedje/Alcatel-Lucent/S2Sdeveloppements/Rainbow-S2S-Samples/Rainbow-S2S-Sample-JavaEchoBot/scripts/../generated/s2s/src/main/java/com/ale/rainbow/s2s/client/s2s/models/Conversations.java
[main] INFO  o.o.codegen.AbstractGenerator - writing file /home/jouedje/Alcatel-Lucent/S2Sdeveloppements/Rainbow-S2S-Samples/Rainbow-S2S-Sample-JavaEchoBot/scripts/../generated/s2s/src/test/java/com/ale/rainbow/s2s/client/s2s/models/ConversationsTest.java
[main] INFO  o.o.codegen.AbstractGenerator - writing file /home/jouedje/Alcatel-Lucent/S2Sdeveloppements/Rainbow-S2S-Samples/Rainbow-S2S-Sample-JavaEchoBot/scripts/../generated/s2s/docs/Conversations.md
[main] INFO  o.o.codegen.AbstractGenerator - writing file /home/jouedje/Alcatel-Lucent/S2Sdeveloppements/Rainbow-S2S-Samples/Rainbow-S2S-Sample-JavaEchoBot/scripts/../generated/s2s/src/main/java/com/ale/rainbow/s2s/client/s2s/models/DeleteAllResponse.java
[main] INFO  o.o.codegen.AbstractGenerator - writing file /home/jouedje/Alcatel-Lucent/S2Sdeveloppements/Rainbow-S2S-Samples/Rainbow-S2S-Sample-JavaEchoBot/scripts/../generated/s2s/src/test/java/com/ale/rainbow/s2s/client/s2s/models/DeleteAllResponseTest.java
[main] INFO  o.o.codegen.AbstractGenerator - writing file /home/jouedje/Alcatel-Lucent/S2Sdeveloppements/Rainbow-S2S-Samples/Rainbow-S2S-Sample-JavaEchoBot/scripts/../generated/s2s/docs/DeleteAllResponse.md
[main] INFO  o.o.codegen.AbstractGenerator - writing file /home/jouedje/Alcatel-Lucent/S2Sdeveloppements/Rainbow-S2S-Samples/Rainbow-S2S-Sample-JavaEchoBot/scripts/../generated/s2s/src/main/java/com/ale/rainbow/s2s/client/s2s/models/DeleteAllResponseData.java
[main] INFO  o.o.codegen.AbstractGenerator - writing file /home/jouedje/Alcatel-Lucent/S2Sdeveloppements/Rainbow-S2S-Samples/Rainbow-S2S-Sample-JavaEchoBot/scripts/../generated/s2s/src/test/java/com/ale/rainbow/s2s/client/s2s/models/DeleteAllResponseDataTest.java
[main] INFO  o.o.codegen.AbstractGenerator - writing file /home/jouedje/Alcatel-Lucent/S2Sdeveloppements/Rainbow-S2S-Samples/Rainbow-S2S-Sample-JavaEchoBot/scripts/../generated/s2s/docs/DeleteAllResponseData.md
[main] INFO  o.o.codegen.AbstractGenerator - writing file /home/jouedje/Alcatel-Lucent/S2Sdeveloppements/Rainbow-S2S-Samples/Rainbow-S2S-Sample-JavaEchoBot/scripts/../generated/s2s/src/main/java/com/ale/rainbow/s2s/client/s2s/models/InlineObject.java
[main] INFO  o.o.codegen.AbstractGenerator - writing file /home/jouedje/Alcatel-Lucent/S2Sdeveloppements/Rainbow-S2S-Samples/Rainbow-S2S-Sample-JavaEchoBot/scripts/../generated/s2s/src/test/java/com/ale/rainbow/s2s/client/s2s/models/InlineObjectTest.java
[main] INFO  o.o.codegen.AbstractGenerator - writing file /home/jouedje/Alcatel-Lucent/S2Sdeveloppements/Rainbow-S2S-Samples/Rainbow-S2S-Sample-JavaEchoBot/scripts/../generated/s2s/docs/InlineObject.md
[main] INFO  o.o.codegen.AbstractGenerator - writing file /home/jouedje/Alcatel-Lucent/S2Sdeveloppements/Rainbow-S2S-Samples/Rainbow-S2S-Sample-JavaEchoBot/scripts/../generated/s2s/src/main/java/com/ale/rainbow/s2s/client/s2s/models/InlineObject1.java
[main] INFO  o.o.codegen.AbstractGenerator - writing file /home/jouedje/Alcatel-Lucent/S2Sdeveloppements/Rainbow-S2S-Samples/Rainbow-S2S-Sample-JavaEchoBot/scripts/../generated/s2s/src/test/java/com/ale/rainbow/s2s/client/s2s/models/InlineObject1Test.java
[main] INFO  o.o.codegen.AbstractGenerator - writing file /home/jouedje/Alcatel-Lucent/S2Sdeveloppements/Rainbow-S2S-Samples/Rainbow-S2S-Sample-JavaEchoBot/scripts/../generated/s2s/docs/InlineObject1.md
[main] INFO  o.o.codegen.AbstractGenerator - writing file /home/jouedje/Alcatel-Lucent/S2Sdeveloppements/Rainbow-S2S-Samples/Rainbow-S2S-Sample-JavaEchoBot/scripts/../generated/s2s/src/main/java/com/ale/rainbow/s2s/client/s2s/models/InlineObject10.java
[main] INFO  o.o.codegen.AbstractGenerator - writing file /home/jouedje/Alcatel-Lucent/S2Sdeveloppements/Rainbow-S2S-Samples/Rainbow-S2S-Sample-JavaEchoBot/scripts/../generated/s2s/src/test/java/com/ale/rainbow/s2s/client/s2s/models/InlineObject10Test.java
[main] INFO  o.o.codegen.AbstractGenerator - writing file /home/jouedje/Alcatel-Lucent/S2Sdeveloppements/Rainbow-S2S-Samples/Rainbow-S2S-Sample-JavaEchoBot/scripts/../generated/s2s/docs/InlineObject10.md
[main] INFO  o.o.codegen.AbstractGenerator - writing file /home/jouedje/Alcatel-Lucent/S2Sdeveloppements/Rainbow-S2S-Samples/Rainbow-S2S-Sample-JavaEchoBot/scripts/../generated/s2s/src/main/java/com/ale/rainbow/s2s/client/s2s/models/InlineObject11.java
[main] INFO  o.o.codegen.AbstractGenerator - writing file /home/jouedje/Alcatel-Lucent/S2Sdeveloppements/Rainbow-S2S-Samples/Rainbow-S2S-Sample-JavaEchoBot/scripts/../generated/s2s/src/test/java/com/ale/rainbow/s2s/client/s2s/models/InlineObject11Test.java
[main] INFO  o.o.codegen.AbstractGenerator - writing file /home/jouedje/Alcatel-Lucent/S2Sdeveloppements/Rainbow-S2S-Samples/Rainbow-S2S-Sample-JavaEchoBot/scripts/../generated/s2s/docs/InlineObject11.md
[main] INFO  o.o.codegen.AbstractGenerator - writing file /home/jouedje/Alcatel-Lucent/S2Sdeveloppements/Rainbow-S2S-Samples/Rainbow-S2S-Sample-JavaEchoBot/scripts/../generated/s2s/src/main/java/com/ale/rainbow/s2s/client/s2s/models/InlineObject2.java
[main] INFO  o.o.codegen.AbstractGenerator - writing file /home/jouedje/Alcatel-Lucent/S2Sdeveloppements/Rainbow-S2S-Samples/Rainbow-S2S-Sample-JavaEchoBot/scripts/../generated/s2s/src/test/java/com/ale/rainbow/s2s/client/s2s/models/InlineObject2Test.java
[main] INFO  o.o.codegen.AbstractGenerator - writing file /home/jouedje/Alcatel-Lucent/S2Sdeveloppements/Rainbow-S2S-Samples/Rainbow-S2S-Sample-JavaEchoBot/scripts/../generated/s2s/docs/InlineObject2.md
[main] INFO  o.o.codegen.AbstractGenerator - writing file /home/jouedje/Alcatel-Lucent/S2Sdeveloppements/Rainbow-S2S-Samples/Rainbow-S2S-Sample-JavaEchoBot/scripts/../generated/s2s/src/main/java/com/ale/rainbow/s2s/client/s2s/models/InlineObject3.java
[main] INFO  o.o.codegen.AbstractGenerator - writing file /home/jouedje/Alcatel-Lucent/S2Sdeveloppements/Rainbow-S2S-Samples/Rainbow-S2S-Sample-JavaEchoBot/scripts/../generated/s2s/src/test/java/com/ale/rainbow/s2s/client/s2s/models/InlineObject3Test.java
[main] INFO  o.o.codegen.AbstractGenerator - writing file /home/jouedje/Alcatel-Lucent/S2Sdeveloppements/Rainbow-S2S-Samples/Rainbow-S2S-Sample-JavaEchoBot/scripts/../generated/s2s/docs/InlineObject3.md
[main] INFO  o.o.codegen.AbstractGenerator - writing file /home/jouedje/Alcatel-Lucent/S2Sdeveloppements/Rainbow-S2S-Samples/Rainbow-S2S-Sample-JavaEchoBot/scripts/../generated/s2s/src/main/java/com/ale/rainbow/s2s/client/s2s/models/InlineObject4.java
[main] INFO  o.o.codegen.AbstractGenerator - writing file /home/jouedje/Alcatel-Lucent/S2Sdeveloppements/Rainbow-S2S-Samples/Rainbow-S2S-Sample-JavaEchoBot/scripts/../generated/s2s/src/test/java/com/ale/rainbow/s2s/client/s2s/models/InlineObject4Test.java
[main] INFO  o.o.codegen.AbstractGenerator - writing file /home/jouedje/Alcatel-Lucent/S2Sdeveloppements/Rainbow-S2S-Samples/Rainbow-S2S-Sample-JavaEchoBot/scripts/../generated/s2s/docs/InlineObject4.md
[main] INFO  o.o.codegen.AbstractGenerator - writing file /home/jouedje/Alcatel-Lucent/S2Sdeveloppements/Rainbow-S2S-Samples/Rainbow-S2S-Sample-JavaEchoBot/scripts/../generated/s2s/src/main/java/com/ale/rainbow/s2s/client/s2s/models/InlineObject5.java
[main] INFO  o.o.codegen.AbstractGenerator - writing file /home/jouedje/Alcatel-Lucent/S2Sdeveloppements/Rainbow-S2S-Samples/Rainbow-S2S-Sample-JavaEchoBot/scripts/../generated/s2s/src/test/java/com/ale/rainbow/s2s/client/s2s/models/InlineObject5Test.java
[main] INFO  o.o.codegen.AbstractGenerator - writing file /home/jouedje/Alcatel-Lucent/S2Sdeveloppements/Rainbow-S2S-Samples/Rainbow-S2S-Sample-JavaEchoBot/scripts/../generated/s2s/docs/InlineObject5.md
[main] INFO  o.o.codegen.AbstractGenerator - writing file /home/jouedje/Alcatel-Lucent/S2Sdeveloppements/Rainbow-S2S-Samples/Rainbow-S2S-Sample-JavaEchoBot/scripts/../generated/s2s/src/main/java/com/ale/rainbow/s2s/client/s2s/models/InlineObject6.java
[main] INFO  o.o.codegen.AbstractGenerator - writing file /home/jouedje/Alcatel-Lucent/S2Sdeveloppements/Rainbow-S2S-Samples/Rainbow-S2S-Sample-JavaEchoBot/scripts/../generated/s2s/src/test/java/com/ale/rainbow/s2s/client/s2s/models/InlineObject6Test.java
[main] INFO  o.o.codegen.AbstractGenerator - writing file /home/jouedje/Alcatel-Lucent/S2Sdeveloppements/Rainbow-S2S-Samples/Rainbow-S2S-Sample-JavaEchoBot/scripts/../generated/s2s/docs/InlineObject6.md
[main] INFO  o.o.codegen.AbstractGenerator - writing file /home/jouedje/Alcatel-Lucent/S2Sdeveloppements/Rainbow-S2S-Samples/Rainbow-S2S-Sample-JavaEchoBot/scripts/../generated/s2s/src/main/java/com/ale/rainbow/s2s/client/s2s/models/InlineObject7.java
[main] INFO  o.o.codegen.AbstractGenerator - writing file /home/jouedje/Alcatel-Lucent/S2Sdeveloppements/Rainbow-S2S-Samples/Rainbow-S2S-Sample-JavaEchoBot/scripts/../generated/s2s/src/test/java/com/ale/rainbow/s2s/client/s2s/models/InlineObject7Test.java
[main] INFO  o.o.codegen.AbstractGenerator - writing file /home/jouedje/Alcatel-Lucent/S2Sdeveloppements/Rainbow-S2S-Samples/Rainbow-S2S-Sample-JavaEchoBot/scripts/../generated/s2s/docs/InlineObject7.md
[main] INFO  o.o.codegen.AbstractGenerator - writing file /home/jouedje/Alcatel-Lucent/S2Sdeveloppements/Rainbow-S2S-Samples/Rainbow-S2S-Sample-JavaEchoBot/scripts/../generated/s2s/src/main/java/com/ale/rainbow/s2s/client/s2s/models/InlineObject8.java
[main] INFO  o.o.codegen.AbstractGenerator - writing file /home/jouedje/Alcatel-Lucent/S2Sdeveloppements/Rainbow-S2S-Samples/Rainbow-S2S-Sample-JavaEchoBot/scripts/../generated/s2s/src/test/java/com/ale/rainbow/s2s/client/s2s/models/InlineObject8Test.java
[main] INFO  o.o.codegen.AbstractGenerator - writing file /home/jouedje/Alcatel-Lucent/S2Sdeveloppements/Rainbow-S2S-Samples/Rainbow-S2S-Sample-JavaEchoBot/scripts/../generated/s2s/docs/InlineObject8.md
[main] INFO  o.o.codegen.AbstractGenerator - writing file /home/jouedje/Alcatel-Lucent/S2Sdeveloppements/Rainbow-S2S-Samples/Rainbow-S2S-Sample-JavaEchoBot/scripts/../generated/s2s/src/main/java/com/ale/rainbow/s2s/client/s2s/models/InlineObject9.java
[main] INFO  o.o.codegen.AbstractGenerator - writing file /home/jouedje/Alcatel-Lucent/S2Sdeveloppements/Rainbow-S2S-Samples/Rainbow-S2S-Sample-JavaEchoBot/scripts/../generated/s2s/src/test/java/com/ale/rainbow/s2s/client/s2s/models/InlineObject9Test.java
[main] INFO  o.o.codegen.AbstractGenerator - writing file /home/jouedje/Alcatel-Lucent/S2Sdeveloppements/Rainbow-S2S-Samples/Rainbow-S2S-Sample-JavaEchoBot/scripts/../generated/s2s/docs/InlineObject9.md
[main] INFO  o.o.codegen.AbstractGenerator - writing file /home/jouedje/Alcatel-Lucent/S2Sdeveloppements/Rainbow-S2S-Samples/Rainbow-S2S-Sample-JavaEchoBot/scripts/../generated/s2s/src/main/java/com/ale/rainbow/s2s/client/s2s/models/Message.java
[main] INFO  o.o.codegen.AbstractGenerator - writing file /home/jouedje/Alcatel-Lucent/S2Sdeveloppements/Rainbow-S2S-Samples/Rainbow-S2S-Sample-JavaEchoBot/scripts/../generated/s2s/src/test/java/com/ale/rainbow/s2s/client/s2s/models/MessageTest.java
[main] INFO  o.o.codegen.AbstractGenerator - writing file /home/jouedje/Alcatel-Lucent/S2Sdeveloppements/Rainbow-S2S-Samples/Rainbow-S2S-Sample-JavaEchoBot/scripts/../generated/s2s/docs/Message.md
[main] INFO  o.o.codegen.AbstractGenerator - writing file /home/jouedje/Alcatel-Lucent/S2Sdeveloppements/Rainbow-S2S-Samples/Rainbow-S2S-Sample-JavaEchoBot/scripts/../generated/s2s/src/main/java/com/ale/rainbow/s2s/client/s2s/models/MessageCreate.java
[main] INFO  o.o.codegen.AbstractGenerator - writing file /home/jouedje/Alcatel-Lucent/S2Sdeveloppements/Rainbow-S2S-Samples/Rainbow-S2S-Sample-JavaEchoBot/scripts/../generated/s2s/src/test/java/com/ale/rainbow/s2s/client/s2s/models/MessageCreateTest.java
[main] INFO  o.o.codegen.AbstractGenerator - writing file /home/jouedje/Alcatel-Lucent/S2Sdeveloppements/Rainbow-S2S-Samples/Rainbow-S2S-Sample-JavaEchoBot/scripts/../generated/s2s/docs/MessageCreate.md
[main] INFO  o.o.codegen.AbstractGenerator - writing file /home/jouedje/Alcatel-Lucent/S2Sdeveloppements/Rainbow-S2S-Samples/Rainbow-S2S-Sample-JavaEchoBot/scripts/../generated/s2s/src/main/java/com/ale/rainbow/s2s/client/s2s/models/MessageCreateMessage.java
[main] INFO  o.o.codegen.AbstractGenerator - writing file /home/jouedje/Alcatel-Lucent/S2Sdeveloppements/Rainbow-S2S-Samples/Rainbow-S2S-Sample-JavaEchoBot/scripts/../generated/s2s/src/test/java/com/ale/rainbow/s2s/client/s2s/models/MessageCreateMessageTest.java
[main] INFO  o.o.codegen.AbstractGenerator - writing file /home/jouedje/Alcatel-Lucent/S2Sdeveloppements/Rainbow-S2S-Samples/Rainbow-S2S-Sample-JavaEchoBot/scripts/../generated/s2s/docs/MessageCreateMessage.md
[main] INFO  o.o.codegen.AbstractGenerator - writing file /home/jouedje/Alcatel-Lucent/S2Sdeveloppements/Rainbow-S2S-Samples/Rainbow-S2S-Sample-JavaEchoBot/scripts/../generated/s2s/src/main/java/com/ale/rainbow/s2s/client/s2s/models/MessageCreateResponse.java
[main] INFO  o.o.codegen.AbstractGenerator - writing file /home/jouedje/Alcatel-Lucent/S2Sdeveloppements/Rainbow-S2S-Samples/Rainbow-S2S-Sample-JavaEchoBot/scripts/../generated/s2s/src/test/java/com/ale/rainbow/s2s/client/s2s/models/MessageCreateResponseTest.java
[main] INFO  o.o.codegen.AbstractGenerator - writing file /home/jouedje/Alcatel-Lucent/S2Sdeveloppements/Rainbow-S2S-Samples/Rainbow-S2S-Sample-JavaEchoBot/scripts/../generated/s2s/docs/MessageCreateResponse.md
[main] INFO  o.o.codegen.AbstractGenerator - writing file /home/jouedje/Alcatel-Lucent/S2Sdeveloppements/Rainbow-S2S-Samples/Rainbow-S2S-Sample-JavaEchoBot/scripts/../generated/s2s/src/main/java/com/ale/rainbow/s2s/client/s2s/models/MessageCreateResponseData.java
[main] INFO  o.o.codegen.AbstractGenerator - writing file /home/jouedje/Alcatel-Lucent/S2Sdeveloppements/Rainbow-S2S-Samples/Rainbow-S2S-Sample-JavaEchoBot/scripts/../generated/s2s/src/test/java/com/ale/rainbow/s2s/client/s2s/models/MessageCreateResponseDataTest.java
[main] INFO  o.o.codegen.AbstractGenerator - writing file /home/jouedje/Alcatel-Lucent/S2Sdeveloppements/Rainbow-S2S-Samples/Rainbow-S2S-Sample-JavaEchoBot/scripts/../generated/s2s/docs/MessageCreateResponseData.md
[main] INFO  o.o.codegen.AbstractGenerator - writing file /home/jouedje/Alcatel-Lucent/S2Sdeveloppements/Rainbow-S2S-Samples/Rainbow-S2S-Sample-JavaEchoBot/scripts/../generated/s2s/src/main/java/com/ale/rainbow/s2s/client/s2s/models/Presence.java
[main] INFO  o.o.codegen.AbstractGenerator - writing file /home/jouedje/Alcatel-Lucent/S2Sdeveloppements/Rainbow-S2S-Samples/Rainbow-S2S-Sample-JavaEchoBot/scripts/../generated/s2s/src/test/java/com/ale/rainbow/s2s/client/s2s/models/PresenceTest.java
[main] INFO  o.o.codegen.AbstractGenerator - writing file /home/jouedje/Alcatel-Lucent/S2Sdeveloppements/Rainbow-S2S-Samples/Rainbow-S2S-Sample-JavaEchoBot/scripts/../generated/s2s/docs/Presence.md
[main] INFO  o.o.codegen.AbstractGenerator - writing file /home/jouedje/Alcatel-Lucent/S2Sdeveloppements/Rainbow-S2S-Samples/Rainbow-S2S-Sample-JavaEchoBot/scripts/../generated/s2s/src/main/java/com/ale/rainbow/s2s/client/s2s/models/PresenceUpdate.java
[main] INFO  o.o.codegen.AbstractGenerator - writing file /home/jouedje/Alcatel-Lucent/S2Sdeveloppements/Rainbow-S2S-Samples/Rainbow-S2S-Sample-JavaEchoBot/scripts/../generated/s2s/src/test/java/com/ale/rainbow/s2s/client/s2s/models/PresenceUpdateTest.java
[main] INFO  o.o.codegen.AbstractGenerator - writing file /home/jouedje/Alcatel-Lucent/S2Sdeveloppements/Rainbow-S2S-Samples/Rainbow-S2S-Sample-JavaEchoBot/scripts/../generated/s2s/docs/PresenceUpdate.md
[main] INFO  o.o.codegen.AbstractGenerator - writing file /home/jouedje/Alcatel-Lucent/S2Sdeveloppements/Rainbow-S2S-Samples/Rainbow-S2S-Sample-JavaEchoBot/scripts/../generated/s2s/src/main/java/com/ale/rainbow/s2s/client/s2s/models/ReceiptStatus.java
[main] INFO  o.o.codegen.AbstractGenerator - writing file /home/jouedje/Alcatel-Lucent/S2Sdeveloppements/Rainbow-S2S-Samples/Rainbow-S2S-Sample-JavaEchoBot/scripts/../generated/s2s/src/test/java/com/ale/rainbow/s2s/client/s2s/models/ReceiptStatusTest.java
[main] INFO  o.o.codegen.AbstractGenerator - writing file /home/jouedje/Alcatel-Lucent/S2Sdeveloppements/Rainbow-S2S-Samples/Rainbow-S2S-Sample-JavaEchoBot/scripts/../generated/s2s/docs/ReceiptStatus.md
[main] INFO  o.o.codegen.AbstractGenerator - writing file /home/jouedje/Alcatel-Lucent/S2Sdeveloppements/Rainbow-S2S-Samples/Rainbow-S2S-Sample-JavaEchoBot/scripts/../generated/s2s/src/main/java/com/ale/rainbow/s2s/client/s2s/models/RoomStatus.java
[main] INFO  o.o.codegen.AbstractGenerator - writing file /home/jouedje/Alcatel-Lucent/S2Sdeveloppements/Rainbow-S2S-Samples/Rainbow-S2S-Sample-JavaEchoBot/scripts/../generated/s2s/src/test/java/com/ale/rainbow/s2s/client/s2s/models/RoomStatusTest.java
[main] INFO  o.o.codegen.AbstractGenerator - writing file /home/jouedje/Alcatel-Lucent/S2Sdeveloppements/Rainbow-S2S-Samples/Rainbow-S2S-Sample-JavaEchoBot/scripts/../generated/s2s/docs/RoomStatus.md
[main] WARN  o.o.codegen.utils.URLPathUtils - 'scheme' not defined in the spec (2.0). Default to [http] for server URL [http://openrainbow.com:443]
[main] INFO  o.o.codegen.AbstractGenerator - writing file /home/jouedje/Alcatel-Lucent/S2Sdeveloppements/Rainbow-S2S-Samples/Rainbow-S2S-Sample-JavaEchoBot/scripts/../generated/s2s/src/main/java/com/ale/rainbow/s2s/client/s2s/api/ConnectionApi.java
[main] INFO  o.o.codegen.AbstractGenerator - writing file /home/jouedje/Alcatel-Lucent/S2Sdeveloppements/Rainbow-S2S-Samples/Rainbow-S2S-Sample-JavaEchoBot/scripts/../generated/s2s/src/test/java/com/ale/rainbow/s2s/client/s2s/api/ConnectionApiTest.java
[main] INFO  o.o.codegen.AbstractGenerator - writing file /home/jouedje/Alcatel-Lucent/S2Sdeveloppements/Rainbow-S2S-Samples/Rainbow-S2S-Sample-JavaEchoBot/scripts/../generated/s2s/docs/ConnectionApi.md
[main] WARN  o.o.codegen.utils.URLPathUtils - 'scheme' not defined in the spec (2.0). Default to [http] for server URL [http://openrainbow.com:443]
[main] INFO  o.o.codegen.AbstractGenerator - writing file /home/jouedje/Alcatel-Lucent/S2Sdeveloppements/Rainbow-S2S-Samples/Rainbow-S2S-Sample-JavaEchoBot/scripts/../generated/s2s/src/main/java/com/ale/rainbow/s2s/client/s2s/api/ConversationApi.java
[main] INFO  o.o.codegen.AbstractGenerator - writing file /home/jouedje/Alcatel-Lucent/S2Sdeveloppements/Rainbow-S2S-Samples/Rainbow-S2S-Sample-JavaEchoBot/scripts/../generated/s2s/src/test/java/com/ale/rainbow/s2s/client/s2s/api/ConversationApiTest.java
[main] INFO  o.o.codegen.AbstractGenerator - writing file /home/jouedje/Alcatel-Lucent/S2Sdeveloppements/Rainbow-S2S-Samples/Rainbow-S2S-Sample-JavaEchoBot/scripts/../generated/s2s/docs/ConversationApi.md
[main] WARN  o.o.codegen.utils.URLPathUtils - 'scheme' not defined in the spec (2.0). Default to [http] for server URL [http://openrainbow.com:443]
[main] INFO  o.o.codegen.AbstractGenerator - writing file /home/jouedje/Alcatel-Lucent/S2Sdeveloppements/Rainbow-S2S-Samples/Rainbow-S2S-Sample-JavaEchoBot/scripts/../generated/s2s/src/main/java/com/ale/rainbow/s2s/client/s2s/api/MessageApi.java
[main] INFO  o.o.codegen.AbstractGenerator - writing file /home/jouedje/Alcatel-Lucent/S2Sdeveloppements/Rainbow-S2S-Samples/Rainbow-S2S-Sample-JavaEchoBot/scripts/../generated/s2s/src/test/java/com/ale/rainbow/s2s/client/s2s/api/MessageApiTest.java
[main] INFO  o.o.codegen.AbstractGenerator - writing file /home/jouedje/Alcatel-Lucent/S2Sdeveloppements/Rainbow-S2S-Samples/Rainbow-S2S-Sample-JavaEchoBot/scripts/../generated/s2s/docs/MessageApi.md
[main] WARN  o.o.codegen.utils.URLPathUtils - 'scheme' not defined in the spec (2.0). Default to [http] for server URL [http://openrainbow.com:443]
[main] INFO  o.o.codegen.AbstractGenerator - writing file /home/jouedje/Alcatel-Lucent/S2Sdeveloppements/Rainbow-S2S-Samples/Rainbow-S2S-Sample-JavaEchoBot/scripts/../generated/s2s/src/main/java/com/ale/rainbow/s2s/client/s2s/api/PresenceApi.java
[main] INFO  o.o.codegen.AbstractGenerator - writing file /home/jouedje/Alcatel-Lucent/S2Sdeveloppements/Rainbow-S2S-Samples/Rainbow-S2S-Sample-JavaEchoBot/scripts/../generated/s2s/src/test/java/com/ale/rainbow/s2s/client/s2s/api/PresenceApiTest.java
[main] INFO  o.o.codegen.AbstractGenerator - writing file /home/jouedje/Alcatel-Lucent/S2Sdeveloppements/Rainbow-S2S-Samples/Rainbow-S2S-Sample-JavaEchoBot/scripts/../generated/s2s/docs/PresenceApi.md
[main] WARN  o.o.codegen.utils.URLPathUtils - 'scheme' not defined in the spec (2.0). Default to [http] for server URL [http://openrainbow.com:443]
[main] INFO  o.o.codegen.AbstractGenerator - writing file /home/jouedje/Alcatel-Lucent/S2Sdeveloppements/Rainbow-S2S-Samples/Rainbow-S2S-Sample-JavaEchoBot/scripts/../generated/s2s/src/main/java/com/ale/rainbow/s2s/client/s2s/api/RoomApi.java
[main] INFO  o.o.codegen.AbstractGenerator - writing file /home/jouedje/Alcatel-Lucent/S2Sdeveloppements/Rainbow-S2S-Samples/Rainbow-S2S-Sample-JavaEchoBot/scripts/../generated/s2s/src/test/java/com/ale/rainbow/s2s/client/s2s/api/RoomApiTest.java
[main] INFO  o.o.codegen.AbstractGenerator - writing file /home/jouedje/Alcatel-Lucent/S2Sdeveloppements/Rainbow-S2S-Samples/Rainbow-S2S-Sample-JavaEchoBot/scripts/../generated/s2s/docs/RoomApi.md
[main] WARN  o.o.codegen.utils.URLPathUtils - 'scheme' not defined in the spec (2.0). Default to [http] for server URL [http://openrainbow.com:443]
[main] INFO  o.o.codegen.AbstractGenerator - writing file /home/jouedje/Alcatel-Lucent/S2Sdeveloppements/Rainbow-S2S-Samples/Rainbow-S2S-Sample-JavaEchoBot/scripts/../generated/s2s/pom.xml
[main] INFO  o.o.codegen.AbstractGenerator - writing file /home/jouedje/Alcatel-Lucent/S2Sdeveloppements/Rainbow-S2S-Samples/Rainbow-S2S-Sample-JavaEchoBot/scripts/../generated/s2s/README.md
[main] INFO  o.o.codegen.AbstractGenerator - writing file /home/jouedje/Alcatel-Lucent/S2Sdeveloppements/Rainbow-S2S-Samples/Rainbow-S2S-Sample-JavaEchoBot/scripts/../generated/s2s/build.gradle
[main] INFO  o.o.codegen.AbstractGenerator - writing file /home/jouedje/Alcatel-Lucent/S2Sdeveloppements/Rainbow-S2S-Samples/Rainbow-S2S-Sample-JavaEchoBot/scripts/../generated/s2s/build.sbt
[main] INFO  o.o.codegen.AbstractGenerator - writing file /home/jouedje/Alcatel-Lucent/S2Sdeveloppements/Rainbow-S2S-Samples/Rainbow-S2S-Sample-JavaEchoBot/scripts/../generated/s2s/settings.gradle
[main] INFO  o.o.codegen.AbstractGenerator - writing file /home/jouedje/Alcatel-Lucent/S2Sdeveloppements/Rainbow-S2S-Samples/Rainbow-S2S-Sample-JavaEchoBot/scripts/../generated/s2s/gradle.properties
[main] INFO  o.o.codegen.AbstractGenerator - writing file /home/jouedje/Alcatel-Lucent/S2Sdeveloppements/Rainbow-S2S-Samples/Rainbow-S2S-Sample-JavaEchoBot/scripts/../generated/s2s/src/main/AndroidManifest.xml
[main] INFO  o.o.codegen.AbstractGenerator - writing file /home/jouedje/Alcatel-Lucent/S2Sdeveloppements/Rainbow-S2S-Samples/Rainbow-S2S-Sample-JavaEchoBot/scripts/../generated/s2s/.travis.yml
[main] INFO  o.o.codegen.AbstractGenerator - writing file /home/jouedje/Alcatel-Lucent/S2Sdeveloppements/Rainbow-S2S-Samples/Rainbow-S2S-Sample-JavaEchoBot/scripts/../generated/s2s/src/main/java/com/ale/rainbow/s2s/client/s2s/ApiClient.java
[main] INFO  o.o.codegen.AbstractGenerator - writing file /home/jouedje/Alcatel-Lucent/S2Sdeveloppements/Rainbow-S2S-Samples/Rainbow-S2S-Sample-JavaEchoBot/scripts/../generated/s2s/src/main/java/com/ale/rainbow/s2s/client/s2s/StringUtil.java
[main] INFO  o.o.codegen.AbstractGenerator - writing file /home/jouedje/Alcatel-Lucent/S2Sdeveloppements/Rainbow-S2S-Samples/Rainbow-S2S-Sample-JavaEchoBot/scripts/../generated/s2s/src/main/java/com/ale/rainbow/s2s/client/s2s/auth/HttpBasicAuth.java
[main] INFO  o.o.codegen.AbstractGenerator - writing file /home/jouedje/Alcatel-Lucent/S2Sdeveloppements/Rainbow-S2S-Samples/Rainbow-S2S-Sample-JavaEchoBot/scripts/../generated/s2s/src/main/java/com/ale/rainbow/s2s/client/s2s/auth/HttpBearerAuth.java
[main] INFO  o.o.codegen.AbstractGenerator - writing file /home/jouedje/Alcatel-Lucent/S2Sdeveloppements/Rainbow-S2S-Samples/Rainbow-S2S-Sample-JavaEchoBot/scripts/../generated/s2s/src/main/java/com/ale/rainbow/s2s/client/s2s/auth/ApiKeyAuth.java
[main] INFO  o.o.codegen.AbstractGenerator - writing file /home/jouedje/Alcatel-Lucent/S2Sdeveloppements/Rainbow-S2S-Samples/Rainbow-S2S-Sample-JavaEchoBot/scripts/../generated/s2s/gradlew
[main] INFO  o.o.codegen.AbstractGenerator - writing file /home/jouedje/Alcatel-Lucent/S2Sdeveloppements/Rainbow-S2S-Samples/Rainbow-S2S-Sample-JavaEchoBot/scripts/../generated/s2s/gradlew.bat
[main] INFO  o.o.codegen.AbstractGenerator - writing file /home/jouedje/Alcatel-Lucent/S2Sdeveloppements/Rainbow-S2S-Samples/Rainbow-S2S-Sample-JavaEchoBot/scripts/../generated/s2s/gradle/wrapper/gradle-wrapper.properties
[main] INFO  o.o.codegen.AbstractGenerator - writing file /home/jouedje/Alcatel-Lucent/S2Sdeveloppements/Rainbow-S2S-Samples/Rainbow-S2S-Sample-JavaEchoBot/scripts/../generated/s2s/gradle/wrapper/gradle-wrapper.jar
[main] INFO  o.o.codegen.AbstractGenerator - writing file /home/jouedje/Alcatel-Lucent/S2Sdeveloppements/Rainbow-S2S-Samples/Rainbow-S2S-Sample-JavaEchoBot/scripts/../generated/s2s/git_push.sh
[main] INFO  o.o.codegen.AbstractGenerator - writing file /home/jouedje/Alcatel-Lucent/S2Sdeveloppements/Rainbow-S2S-Samples/Rainbow-S2S-Sample-JavaEchoBot/scripts/../generated/s2s/.gitignore
[main] INFO  o.o.codegen.AbstractGenerator - writing file /home/jouedje/Alcatel-Lucent/S2Sdeveloppements/Rainbow-S2S-Samples/Rainbow-S2S-Sample-JavaEchoBot/scripts/../generated/s2s/src/main/java/com/ale/rainbow/s2s/client/s2s/ApiException.java
[main] INFO  o.o.codegen.AbstractGenerator - writing file /home/jouedje/Alcatel-Lucent/S2Sdeveloppements/Rainbow-S2S-Samples/Rainbow-S2S-Sample-JavaEchoBot/scripts/../generated/s2s/src/main/java/com/ale/rainbow/s2s/client/s2s/Configuration.java
[main] INFO  o.o.codegen.AbstractGenerator - writing file /home/jouedje/Alcatel-Lucent/S2Sdeveloppements/Rainbow-S2S-Samples/Rainbow-S2S-Sample-JavaEchoBot/scripts/../generated/s2s/src/main/java/com/ale/rainbow/s2s/client/s2s/Pair.java
[main] INFO  o.o.codegen.AbstractGenerator - writing file /home/jouedje/Alcatel-Lucent/S2Sdeveloppements/Rainbow-S2S-Samples/Rainbow-S2S-Sample-JavaEchoBot/scripts/../generated/s2s/src/main/java/com/ale/rainbow/s2s/client/s2s/auth/Authentication.java
[main] INFO  o.o.codegen.AbstractGenerator - writing file /home/jouedje/Alcatel-Lucent/S2Sdeveloppements/Rainbow-S2S-Samples/Rainbow-S2S-Sample-JavaEchoBot/scripts/../generated/s2s/src/main/java/com/ale/rainbow/s2s/client/s2s/ApiCallback.java
[main] INFO  o.o.codegen.AbstractGenerator - writing file /home/jouedje/Alcatel-Lucent/S2Sdeveloppements/Rainbow-S2S-Samples/Rainbow-S2S-Sample-JavaEchoBot/scripts/../generated/s2s/src/main/java/com/ale/rainbow/s2s/client/s2s/ApiResponse.java
[main] INFO  o.o.codegen.AbstractGenerator - writing file /home/jouedje/Alcatel-Lucent/S2Sdeveloppements/Rainbow-S2S-Samples/Rainbow-S2S-Sample-JavaEchoBot/scripts/../generated/s2s/src/main/java/com/ale/rainbow/s2s/client/s2s/JSON.java
[main] INFO  o.o.codegen.AbstractGenerator - writing file /home/jouedje/Alcatel-Lucent/S2Sdeveloppements/Rainbow-S2S-Samples/Rainbow-S2S-Sample-JavaEchoBot/scripts/../generated/s2s/src/main/java/com/ale/rainbow/s2s/client/s2s/ProgressRequestBody.java
[main] INFO  o.o.codegen.AbstractGenerator - writing file /home/jouedje/Alcatel-Lucent/S2Sdeveloppements/Rainbow-S2S-Samples/Rainbow-S2S-Sample-JavaEchoBot/scripts/../generated/s2s/src/main/java/com/ale/rainbow/s2s/client/s2s/ProgressResponseBody.java
[main] INFO  o.o.codegen.AbstractGenerator - writing file /home/jouedje/Alcatel-Lucent/S2Sdeveloppements/Rainbow-S2S-Samples/Rainbow-S2S-Sample-JavaEchoBot/scripts/../generated/s2s/src/main/java/com/ale/rainbow/s2s/client/s2s/GzipRequestInterceptor.java
[main] INFO  o.o.codegen.AbstractGenerator - writing file /home/jouedje/Alcatel-Lucent/S2Sdeveloppements/Rainbow-S2S-Samples/Rainbow-S2S-Sample-JavaEchoBot/scripts/../generated/s2s/.openapi-generator/VERSION
